[debug] [2018-01-19T16:01:37.664Z] ----------------------------------------------------------------------
[debug] [2018-01-19T16:01:37.667Z] Command:       /usr/local/bin/node /usr/local/bin/firebase serve
[debug] [2018-01-19T16:01:37.667Z] CLI Version:   3.16.0
[debug] [2018-01-19T16:01:37.667Z] Platform:      darwin
[debug] [2018-01-19T16:01:37.667Z] Node Version:  v8.9.4
[debug] [2018-01-19T16:01:37.667Z] Time:          Fri Jan 19 2018 11:01:37 GMT-0500 (EST)
[debug] [2018-01-19T16:01:37.667Z] ----------------------------------------------------------------------
[debug] 
[debug] [2018-01-19T16:01:37.687Z] > command requires scopes: ["email","openid","https://www.googleapis.com/auth/cloudplatformprojects.readonly","https://www.googleapis.com/auth/firebase","https://www.googleapis.com/auth/cloud-platform"]
[debug] [2018-01-19T16:01:37.687Z] > authorizing via signed-in user
[debug] [2018-01-19T16:01:37.689Z] > refreshing access token with scopes: ["email","https://www.googleapis.com/auth/cloud-platform","https://www.googleapis.com/auth/cloudplatformprojects.readonly","https://www.googleapis.com/auth/firebase","openid"]
[debug] [2018-01-19T16:01:37.689Z] >>> HTTP REQUEST POST https://www.googleapis.com/oauth2/v3/token  
 { refresh_token: '1/xfzCGdS9X-FPGhTpcXo09frV8Ad2u02MlckltwmJkGjA4kXF7VeJFVdVrf7leajf',
  client_id: '563584335869-fgrhgmd47bqnekij5i8b5pr03ho849e6.apps.googleusercontent.com',
  client_secret: 'j9iVZfS8kkCEFUPaAeJV0sAi',
  grant_type: 'refresh_token',
  scope: 'email https://www.googleapis.com/auth/cloud-platform https://www.googleapis.com/auth/cloudplatformprojects.readonly https://www.googleapis.com/auth/firebase openid' } 
 Fri Jan 19 2018 11:01:37 GMT-0500 (EST)
[debug] [2018-01-19T16:01:37.847Z] <<< HTTP RESPONSE 200
[debug] [2018-01-19T16:01:37.955Z] >>> HTTP REQUEST GET https://admin.firebase.com/v1/projects/web-project-5d213  
  
 Fri Jan 19 2018 11:01:37 GMT-0500 (EST)
[debug] [2018-01-19T16:01:38.384Z] <<< HTTP RESPONSE 200
[debug] [2018-01-19T16:01:38.385Z] >>> HTTP REQUEST GET https://admin.firebase.com/v1/database/web-project-5d213/tokens  
  
 Fri Jan 19 2018 11:01:38 GMT-0500 (EST)
[debug] [2018-01-19T16:01:38.741Z] <<< HTTP RESPONSE 200
[info] 
[info] === Serving from '/Users/connorswalm/codingpen/testingfirebase/firebasestuff'...
[info] 
[debug] [2018-01-19T16:01:38.746Z] >>> HTTP REQUEST GET https://cloudresourcemanager.googleapis.com/v1/projects/web-project-5d213  
  
 Fri Jan 19 2018 11:01:38 GMT-0500 (EST)
[debug] [2018-01-19T16:01:39.022Z] <<< HTTP RESPONSE 200
[debug] [2018-01-19T16:01:39.025Z] >>> HTTP REQUEST GET https://mobilesdk-pa.googleapis.com/v1/projects/497218675608/clients/_:getWebAppConfig  
  
 Fri Jan 19 2018 11:01:39 GMT-0500 (EST)
[debug] [2018-01-19T16:01:39.357Z] <<< HTTP RESPONSE 200
[info] i  hosting: Serving hosting files from: public
[info] ✔  hosting: Local server: http://localhost:5000

